--------------------------------------------------------------------------------
----------------------- ttauto rev d94575e+ (2026-04-28) -----------------------
--------------------------------------------------------------------------------

  Copyright (C) 2010-2026  Jean-Luc Thiffeault   <jeanluc@math.wisc.edu>
                           Erwan Lanneau <erwan.lanneau@ujf-grenoble.fr>

    This program is a preliminary ALPHA version and should be used
    with caution.  The authors make no guarantees regarding the
    validity of the results.


Number of punctures (3-20) [5]: 
List of strata:
 1)	1. 1. 1. 1. 1. 1. (4)
 2)	1. 1. 1. 1. 1. 1. 3 (3)
 3)	1. 1. 1. 1. 1. 1. 4 (2)
 4)	1. 1. 1. 1. 1. 1. 5 (1)
 5)	1. 1. 1. 1. 1. 1. 3 3 (2)
 6)	1. 1. 1. 1. 1. 1. 3 4 (1)
 7)	1. 1. 1. 1. 1. 1. 3 3 3 (1)

Choose stratum (1-7) [1]: 
Selected stratum 1. 1. 1. 1. 1. 1. 3 3 (2)

Train track has 6 punctures and 7 edges

Constructing automaton...

Folding automaton has 110 vertices

Divide into invariant subgraphs (y/n) [Y]? 
Dividing automaton into invariant subgraphs...

Subgraphs:
===============================================
#	#vertx	f_min	f_max	coding of initial track
-----------------------------------------------
1	90	2	4	11111 13111 23111 11111 33111 13111 23112 11111 23122 11111 33112 11111 33122 11111
2	1	2	2	11111 11112 11122 13111 23111 13111 23111 11112 11122 11111 33111 11111 33111 11111
3	2	2	2	11111 11112 11122 13111 23111 11112 11122 13111 23111 11111 33111 11111 33111 11111
4	2	2	2	11111 11122 11112 13111 23111 11111 33111 11122 11112 13111 23111 11111 33111 11111
5	1	2	2	11111 11112 11122 13111 23111 11112 11122 11111 33111 13111 23111 11111 33111 11111
6	5	2	2	11111 11112 11122 11112 11122 13111 23111 11111 33111 13111 23111 11111 33111 11111
7	5	2	2	11111 11122 11112 13122 23111 11111 33111 13111 23111 11111 33111 11111 13112 11111
8	4	2	2	11111 13111 23111 11111 33112 11111 33122 13112 13122 11111 23111 11111 33111 11111
-----------------------------------------------
total	110
===============================================

Write subgraphs to file (y/n) [N]? 
Writing subgraphs to Mathematica file ttauto_n=6_5_inv.m...

Subgraph to search (1-8) [1]: 
Max path length in graph (0-100) [5]: 

/* NOTE: DELETED REMAINING OUTPUT OTHER THAN RELEVANT VERTEX */

VERTEX 28

---------------------------------------------------
Statistics

Total paths tried  = 70212
Total path length  = 466510
Mean path length   = 6.644305817
Closed paths       = 203
Irreducible paths  = 81
Exceeded max path length     51792 times
---------------------------------------------------
pA candidates found with path length <= 7:
     dilatation #  paths
  0  2.08102    1  1111012 [2 37 39 19 22 20 12 2]
  1  2.01536    1  103212 [28 45 42 70 87 84 28]
  2  2.45317    3  1023 [28 45 42 45 28], 021120 [4 84 28 45 28 80 4], 01011 [4 84 63 10 38 4]
  3  2.75146    2  102223 [28 45 42 45 42 45 28], 0111211 [4 84 63 84 63 10 38 4]
  4  2.79497    1  0110112 [1 18 65 18 56 57 57 1]
  5  3.25426    2  021120 [21 42 45 28 45 42 21], 0113211 [4 84 63 84 87 70 38 4]
  6  3.25426    2  021100 [21 42 45 28 45 42 21], 0111011 [4 84 63 84 63 10 38 4]
  7  3.41659    1  3122230 [20 43 42 45 42 45 28 20]
  8  3.57614    2  0211210 [4 84 28 45 28 80 80 4], 010101 [4 84 63 10 38 38 4]
  9  4.65290    1  0101001 [4 84 63 10 38 38 38 4]
